1776426171345	geckodriver	INFO	Listening on 127.0.0.1:64478
1776426174485	mozrunner::runner	INFO	Running command: "C:\\Program Files\\Mozilla Firefox\\firefox.exe" "--marionette" "--remote-debugging-port" "64479" "--remote-allow-hosts" "localhost" "-no-remote" "-profile" "C:\\Users\\NVDSREDDY\\AppData\\Local\\Temp\\rust_mozprofilekkpfBt"
Dynamically enable window occlusion 0
1776426174955	Marionette	INFO	Marionette enabled
1776426175082	Marionette	INFO	Listening on port 56963
WebDriver BiDi listening on ws://127.0.0.1:64479
Read port: 56963
1776426175252	RemoteAgent	WARN	TLS certificate errors will be ignored for this session
console.error: "Experiment visual-card-updates has unknown featureId: newtabRefinedCardsLayout"
JavaScript warning: https://static.cloudflareinsights.com/beacon.min.js/v8c78df7c7c0f484497ecbca7046644da1771523124516, line 1: Script terminated by timeout at:
173/T/<@https://static.cloudflareinsights.com/beacon.min.js/v8c78df7c7c0f484497ecbca7046644da1771523124516:1:3085
n@https://static.cloudflareinsights.com/beacon.min.js/v8c78df7c7c0f484497ecbca7046644da1771523124516:1:2946

JavaScript error: , line 0: SyntaxError: JSON.parse: expected double-quoted property name at line 1 column 153 of the JSON data
JavaScript warning: https://challenges.cloudflare.com/cdn-cgi/challenge-platform/h/g/turnstile/f/ov2/av0/rch/ewg9g/0x4AAAAAAADnPIDROrmt1Wwj/dark/fbE/new/normal?lang=auto, line 1: WEBGL_debug_renderer_info is deprecated in Firefox and will be removed. Please use RENDERER.
JavaScript warning: https://challenges.cloudflare.com/cdn-cgi/challenge-platform/h/g/turnstile/f/ov2/av0/rch/ewg9g/0x4AAAAAAADnPIDROrmt1Wwj/dark/fbE/new/normal?lang=auto, line 1: WebGL context was lost.
JavaScript warning: https://challenges.cloudflare.com/cdn-cgi/challenge-platform/h/g/turnstile/f/ov2/av0/rch/ewg9g/0x4AAAAAAADnPIDROrmt1Wwj/dark/fbE/new/normal?lang=auto, line 1: WebGL context was lost.
JavaScript warning: https://challenges.cloudflare.com/cdn-cgi/challenge-platform/h/g/turnstile/f/ov2/av0/rch/hcivz/0x4AAAAAAADnPIDROrmt1Wwj/dark/fbE/new/normal?lang=auto, line 1: WEBGL_debug_renderer_info is deprecated in Firefox and will be removed. Please use RENDERER.
JavaScript warning: https://challenges.cloudflare.com/cdn-cgi/challenge-platform/h/g/turnstile/f/ov2/av0/rch/hcivz/0x4AAAAAAADnPIDROrmt1Wwj/dark/fbE/new/normal?lang=auto, line 1: WebGL context was lost.
JavaScript warning: https://challenges.cloudflare.com/cdn-cgi/challenge-platform/h/g/turnstile/f/ov2/av0/rch/hcivz/0x4AAAAAAADnPIDROrmt1Wwj/dark/fbE/new/normal?lang=auto, line 1: WebGL context was lost.
JavaScript warning: https://challenges.cloudflare.com/cdn-cgi/challenge-platform/h/g/turnstile/f/ov2/av0/rch/5s8ce/0x4AAAAAAADnPIDROrmt1Wwj/dark/fbE/new/normal?lang=auto, line 1: WEBGL_debug_renderer_info is deprecated in Firefox and will be removed. Please use RENDERER.
1776426243060	Marionette	INFO	Stopped listening on port 56963
JavaScript error: resource://gre/modules/PrivateBrowsingUtils.sys.mjs, line 19: TypeError: can't access property "isChromeWindow", aWindow is null
Dynamically enable window occlusion 1
console.warn: TopSitesFeed: Failed to fetch data from MARS server: NetworkError when attempting to fetch resource.
JavaScript error: resource://gre/modules/Sqlite.sys.mjs, line 1128: Error: Connection is not open.
